2025-09-30 10:52:44 - practical5.main - INFO - ============================================================
2025-09-30 10:52:44 - practical5.main - INFO - 项目5：ReAct推理代理 - 启动
2025-09-30 10:52:44 - practical5.main - INFO - ============================================================
2025-09-30 10:52:44 - practical5.main - INFO - 配置加载完成
2025-09-30 10:52:44 - practical5.main - INFO - 已注册 2 个工具
2025-09-30 10:52:44 - practical5.main - INFO - ReAct代理创建完成
2025-09-30 10:52:44 - practical5.main - INFO - 开始执行测试用例 1: 综合推理问题
2025-09-30 10:53:09 - practical5.main - INFO - 测试用例 1 执行完成，成功: True
2025-09-30 10:53:09 - practical5.main - INFO - 程序执行完成
2025-09-30 10:58:52 - practical5.main - INFO - ============================================================
2025-09-30 10:58:52 - practical5.main - INFO - 项目5：ReAct推理代理 - 启动
2025-09-30 10:58:52 - practical5.main - INFO - ============================================================
2025-09-30 10:58:52 - practical5.main - INFO - 配置加载完成
2025-09-30 10:58:52 - practical5.main - INFO - 已注册 2 个工具
2025-09-30 10:58:53 - practical5.main - INFO - ReAct代理创建完成
2025-09-30 10:58:53 - practical5.main - INFO - 开始执行测试用例 1: 综合推理问题
2025-09-30 10:59:19 - practical5.main - INFO - 测试用例 1 执行完成，成功: True
2025-09-30 10:59:19 - practical5.main - INFO - 程序执行完成
2025-09-30 11:08:08 - practical5.main - INFO - ============================================================
2025-09-30 11:08:08 - practical5.main - INFO - 项目5：ReAct推理代理 - 启动
2025-09-30 11:08:08 - practical5.main - INFO - ============================================================
2025-09-30 11:08:08 - practical5.main - INFO - 配置加载完成
2025-09-30 11:08:08 - practical5.main - INFO - 已注册 2 个工具
2025-09-30 11:08:09 - practical5.main - INFO - ReAct代理创建完成
2025-09-30 11:08:09 - practical5.main - INFO - 开始执行测试用例 1: 综合推理问题
2025-09-30 11:08:55 - practical5.main - INFO - 测试用例 1 执行完成，成功: True
2025-09-30 11:08:55 - practical5.main - INFO - 程序执行完成
2025-09-30 11:21:51 - practical5.main - INFO - ============================================================
2025-09-30 11:21:51 - practical5.main - INFO - 项目5：ReAct推理代理 - 启动
2025-09-30 11:21:51 - practical5.main - INFO - ============================================================
2025-09-30 11:21:51 - practical5.main - INFO - 配置加载完成
2025-09-30 11:21:51 - practical5.main - INFO - 已注册 2 个工具
2025-09-30 11:21:51 - practical5.main - INFO - ReAct代理创建完成
2025-09-30 11:21:51 - practical5.main - INFO - 开始执行测试用例 1: 综合推理问题
2025-09-30 11:22:03 - practical5.main - INFO - 测试用例 1 执行完成，成功: True
2025-09-30 11:22:03 - practical5.main - INFO - 程序执行完成
2025-09-30 11:27:58 - practical5.main - INFO - ============================================================
2025-09-30 11:27:58 - practical5.main - INFO - 项目5：ReAct推理代理 - 启动
2025-09-30 11:27:58 - practical5.main - INFO - ============================================================
2025-09-30 11:27:58 - practical5.main - INFO - 配置加载完成
2025-09-30 11:27:58 - practical5.main - INFO - 已注册 2 个工具
2025-09-30 11:27:58 - practical5.main - INFO - ReAct代理创建完成
2025-09-30 11:27:58 - practical5.main - INFO - 开始执行测试用例 1: 综合推理问题
2025-09-30 11:28:17 - practical5.main - INFO - 测试用例 1 执行完成，成功: True
2025-09-30 11:28:17 - practical5.main - INFO - 程序执行完成
2025-09-30 11:30:18 - practical5.main - INFO - ============================================================
2025-09-30 11:30:18 - practical5.main - INFO - 项目5：ReAct推理代理 - 启动
2025-09-30 11:30:18 - practical5.main - INFO - ============================================================
2025-09-30 11:30:18 - practical5.main - INFO - 配置加载完成
2025-09-30 11:30:18 - practical5.main - INFO - 已注册 2 个工具
2025-09-30 11:30:19 - practical5.main - INFO - ReAct代理创建完成
2025-09-30 11:30:19 - practical5.main - INFO - 开始执行测试用例 1: 综合推理问题
2025-09-30 11:30:37 - practical5.main - INFO - 测试用例 1 执行完成，成功: True
2025-09-30 11:30:37 - practical5.main - INFO - 程序执行完成
2025-09-30 15:56:34 - practical5.main - INFO - ============================================================
2025-09-30 15:56:34 - practical5.main - INFO - 项目5：ReAct推理代理 - 启动
2025-09-30 15:56:34 - practical5.main - INFO - ============================================================
2025-09-30 15:56:34 - practical5.main - INFO - 配置加载完成
2025-09-30 15:56:34 - practical5.main - INFO - 已注册 2 个工具
2025-09-30 15:56:35 - practical5.main - INFO - ReAct代理创建完成
2025-09-30 15:56:35 - practical5.main - INFO - 开始执行测试用例 1: 综合推理问题
2025-09-30 15:56:58 - practical5.main - INFO - 测试用例 1 执行完成，成功: True
2025-09-30 15:56:58 - practical5.main - INFO - 程序执行完成
